<?xml version="1.0" encoding="UTF-8"?>
<testsuite xmlns:xsi="http://www.w3.org/2001/XMLSchema-instance" xsi:schemaLocation="https://maven.apache.org/surefire/maven-surefire-plugin/xsd/surefire-test-report.xsd" name="TestSuite" time="56.649" tests="11" errors="0" skipped="0" failures="1">
  <properties>
    <property name="JOB_NAME" value="GoogleTestJob"/>
    <property name="java.vendor" value="Oracle Corporation"/>
    <property name="PWD" value="/Users/sandeepdhaliwal/Documents/jenkins"/>
    <property name="sun.java.launcher" value="SUN_STANDARD"/>
    <property name="RUN_TESTS_DISPLAY_URL" value="http://localhost:8080/job/GoogleTestJob/2/display/redirect?page=tests"/>
    <property name="sun.management.compiler" value="HotSpot 64-Bit Tiered Compilers"/>
    <property name="JENKINS_HOME" value="/Users/sandeepdhaliwal/.jenkins"/>
    <property name="PATH" value="/usr/local/bin:/System/Cryptexes/App/usr/bin:/usr/bin:/bin:/usr/sbin:/sbin"/>
    <property name="HUDSON_SERVER_COOKIE" value="ab30d0115d3c6899"/>
    <property name="POM_ARTIFACTID" value="MyMavenProject68"/>
    <property name="os.name" value="Mac OS X"/>
    <property name="TERM_PROGRAM" value="Apple_Terminal"/>
    <property name="EXECUTOR_NUMBER" value="1"/>
    <property name="TERM_SESSION_ID" value="38552C9D-5757-43C8-841C-2EEB06285A1F"/>
    <property name="java.vm.specification.vendor" value="Oracle Corporation"/>
    <property name="POM_DISPLAYNAME" value="MyMavenProject68"/>
    <property name="NODE_LABELS" value="built-in"/>
    <property name="java.runtime.version" value="17.0.6+9-LTS-190"/>
    <property name="user.name" value="sandeepdhaliwal"/>
    <property name="guice.disable.misplaced.annotation.check" value="true"/>
    <property name="user.language" value="en"/>
    <property name="JOB_BASE_NAME" value="GoogleTestJob"/>
    <property name="RUN_CHANGES_DISPLAY_URL" value="http://localhost:8080/job/GoogleTestJob/2/display/redirect?page=changes"/>
    <property name="BUILD_DISPLAY_NAME" value="#2"/>
    <property name="TMPDIR" value="/var/folders/6n/zsb2y2w567sfpn3qnt4c4m3r0000gn/T/"/>
    <property name="sun.boot.library.path" value="/Library/Java/JavaVirtualMachines/jdk-17.jdk/Contents/Home/lib"/>
    <property name="java.vm.compressedOopsMode" value="Zero based"/>
    <property name="java.version" value="17.0.6"/>
    <property name="XPC_FLAGS" value="0x0"/>
    <property name="user.timezone" value="America/Edmonton"/>
    <property name="sun.arch.data.model" value="64"/>
    <property name="NODE_NAME" value="built-in"/>
    <property name="TERM" value="xterm-256color"/>
    <property name="http.nonProxyHosts" value="local|*.local|169.254/16|*.169.254/16"/>
    <property name="BUILD_ID" value="2"/>
    <property name="sun.jnu.encoding" value="UTF-8"/>
    <property name="SHELL" value="/bin/zsh"/>
    <property name="file.separator" value="/"/>
    <property name="java.specification.name" value="Java Platform API Specification"/>
    <property name="maven.conf" value="/Users/sandeepdhaliwal/.jenkins/tools/hudson.tasks.Maven_MavenInstallation/TestMaven/conf"/>
    <property name="java.class.version" value="61.0"/>
    <property name="org.slf4j.simpleLogger.defaultLogLevel" value="info"/>
    <property name="user.country" value="CA"/>
    <property name="java.home" value="/Library/Java/JavaVirtualMachines/jdk-17.jdk/Contents/Home"/>
    <property name="java.vm.info" value="mixed mode, sharing"/>
    <property name="os.version" value="13.2.1"/>
    <property name="RUN_DISPLAY_URL" value="http://localhost:8080/job/GoogleTestJob/2/display/redirect"/>
    <property name="POM_VERSION" value="1.0-SNAPSHOT"/>
    <property name="sun.font.fontmanager" value="sun.font.CFontManager"/>
    <property name="path.separator" value=":"/>
    <property name="RUN_ARTIFACTS_DISPLAY_URL" value="http://localhost:8080/job/GoogleTestJob/2/display/redirect?page=artifacts"/>
    <property name="java.vm.version" value="17.0.6+9-LTS-190"/>
    <property name="JOB_DISPLAY_URL" value="http://localhost:8080/job/GoogleTestJob/display/redirect"/>
    <property name="SHLVL" value="1"/>
    <property name="_" value="/usr/bin/java"/>
    <property name="sun.io.unicode.encoding" value="UnicodeBig"/>
    <property name="LOGNAME" value="sandeepdhaliwal"/>
    <property name="POM_PACKAGING" value="jar"/>
    <property name="socksNonProxyHosts" value="local|*.local|169.254/16|*.169.254/16"/>
    <property name="HOME" value="/Users/sandeepdhaliwal"/>
    <property name="ftp.nonProxyHosts" value="local|*.local|169.254/16|*.169.254/16"/>
    <property name="POM_GROUPID" value="tests"/>
    <property name="user.home" value="/Users/sandeepdhaliwal"/>
    <property name="BUILD_TAG" value="jenkins-GoogleTestJob-2"/>
    <property name="JENKINS_SERVER_COOKIE" value="ab30d0115d3c6899"/>
    <property name="XPC_SERVICE_NAME" value="0"/>
    <property name="HUDSON_URL" value="http://localhost:8080/"/>
    <property name="java.version.date" value="2023-01-17"/>
    <property name="java.specification.vendor" value="Oracle Corporation"/>
    <property name="CLASSPATH" value=""/>
    <property name="java.library.path" value="/Users/sandeepdhaliwal/Library/Java/Extensions:/Library/Java/Extensions:/Network/Library/Java/Extensions:/System/Library/Java/Extensions:/usr/lib/java:."/>
    <property name="java.vendor.url" value="https://java.oracle.com/"/>
    <property name="java.vm.vendor" value="Oracle Corporation"/>
    <property name="java.runtime.name" value="Java(TM) SE Runtime Environment"/>
    <property name="maven.home" value="/Users/sandeepdhaliwal/.jenkins/tools/hudson.tasks.Maven_MavenInstallation/TestMaven"/>
    <property name="sun.java.command" value="jenkins.maven3.agent.Maven35Main /Users/sandeepdhaliwal/.jenkins/tools/hudson.tasks.Maven_MavenInstallation/TestMaven /Users/sandeepdhaliwal/.jenkins/war/WEB-INF/lib/remoting-3107.v665000b_51092.jar /Users/sandeepdhaliwal/.jenkins/plugins/maven-plugin/WEB-INF/lib/maven35-interceptor-1.14.jar /Users/sandeepdhaliwal/.jenkins/plugins/maven-plugin/WEB-INF/lib/maven3-interceptor-commons-1.14.jar 51756"/>
    <property name="java.class.path" value="/Users/sandeepdhaliwal/.jenkins/plugins/maven-plugin/WEB-INF/lib/maven35-agent-1.14.jar:/Users/sandeepdhaliwal/.jenkins/tools/hudson.tasks.Maven_MavenInstallation/TestMaven/boot/plexus-classworlds-2.6.0.jar:/Users/sandeepdhaliwal/.jenkins/tools/hudson.tasks.Maven_MavenInstallation/TestMaven/conf/logging"/>
    <property name="native.encoding" value="UTF-8"/>
    <property name="jdk.debug" value="release"/>
    <property name="java.vm.specification.name" value="Java Virtual Machine Specification"/>
    <property name="jansi.mode" value="strip"/>
    <property name="java.vm.specification.version" value="17"/>
    <property name="M2_HOME" value="/Users/sandeepdhaliwal/.jenkins/tools/hudson.tasks.Maven_MavenInstallation/TestMaven"/>
    <property name="sun.cpu.endian" value="little"/>
    <property name="CI" value="true"/>
    <property name="java.io.tmpdir" value="/var/folders/6n/zsb2y2w567sfpn3qnt4c4m3r0000gn/T/"/>
    <property name="HUDSON_HOME" value="/Users/sandeepdhaliwal/.jenkins"/>
    <property name="PATH+MAVEN" value="/Users/sandeepdhaliwal/.jenkins/tools/hudson.tasks.Maven_MavenInstallation/TestMaven/bin"/>
    <property name="java.vendor.url.bug" value="https://bugreport.java.com/bugreport/"/>
    <property name="OLDPWD" value="/Users/sandeepdhaliwal/Documents"/>
    <property name="BUILD_URL" value="http://localhost:8080/job/GoogleTestJob/2/"/>
    <property name="SSH_AUTH_SOCK" value="/private/tmp/com.apple.launchd.udsCf4W8o9/Listeners"/>
    <property name="MAVEN_OPTS" value=""/>
    <property name="os.arch" value="aarch64"/>
    <property name="__CF_USER_TEXT_ENCODING" value="0x1F5:0x0:0x52"/>
    <property name="user.dir" value="/Users/sandeepdhaliwal/Desktop/QA/SeleniumWorkSpace/GoogleTest"/>
    <property name="JOB_URL" value="http://localhost:8080/job/GoogleTestJob/"/>
    <property name="MAVEN_HOME" value="/Users/sandeepdhaliwal/.jenkins/tools/hudson.tasks.Maven_MavenInstallation/TestMaven"/>
    <property name="line.separator" value="&#10;"/>
    <property name="java.vm.name" value="Java HotSpot(TM) 64-Bit Server VM"/>
    <property name="BUILD_NUMBER" value="2"/>
    <property name="TERM_PROGRAM_VERSION" value="447"/>
    <property name="JENKINS_URL" value="http://localhost:8080/"/>
    <property name="JAVA_MAIN_CLASS_2389" value="executable.Main"/>
    <property name="__CFBundleIdentifier" value="com.apple.Terminal"/>
    <property name="LANG" value="en_CA.UTF-8"/>
    <property name="file.encoding" value="UTF-8"/>
    <property name="maven3.interceptor" value="/Users/sandeepdhaliwal/.jenkins/plugins/maven-plugin/WEB-INF/lib/maven35-interceptor-1.14.jar"/>
    <property name="WORKSPACE_TMP" value="/Users/sandeepdhaliwal/.jenkins/workspace/GoogleTestJob@tmp"/>
    <property name="WORKSPACE" value="/Users/sandeepdhaliwal/.jenkins/workspace/GoogleTestJob"/>
    <property name="maven3.interceptor.common" value="/Users/sandeepdhaliwal/.jenkins/plugins/maven-plugin/WEB-INF/lib/maven3-interceptor-commons-1.14.jar"/>
    <property name="java.specification.version" value="17"/>
    <property name="USER" value="sandeepdhaliwal"/>
  </properties>
  <testcase name="GmailPagetitleTest" classname="com.google.qa.testcases.GmailPageTest" time="0.008">
    <failure message="Gmail Page Title Not Matched expected [Sign in - Google Accounts11] but found [Sign in - Google Accounts]" type="java.lang.AssertionError">java.lang.AssertionError: Gmail Page Title Not Matched expected [Sign in - Google Accounts11] but found [Sign in - Google Accounts]
	at com.google.qa.testcases.GmailPageTest.GmailPagetitleTest(GmailPageTest.java:42)
</failure>
    <system-out><![CDATA[Before navigating to: 'https://www.google.com/'
Navigated to:'https://www.google.com/'
Trying to find Element By : By.linkText: Sign in
Found Element By : By.linkText: Sign in
Trying to click on: [[FirefoxDriver: firefox on MAC (9bbd33af-91d3-4299-b9d3-fd95e09465d8)] -> link text: Sign in]
Clicked on: [[FirefoxDriver: firefox on MAC (9bbd33af-91d3-4299-b9d3-fd95e09465d8)] -> link text: Sign in]
]]></system-out>
    <system-err><![CDATA[SLF4J: Failed to load class "org.slf4j.impl.StaticLoggerBinder".
SLF4J: Defaulting to no-operation (NOP) logger implementation
SLF4J: See http://www.slf4j.org/codes.html#StaticLoggerBinder for further details.
1677966740678	geckodriver	INFO	Listening on 127.0.0.1:8435
1677966740797	mozrunner::runner	INFO	Running command: "/Applications/Firefox.app/Contents/MacOS/firefox-bin" "--marionette" "--remote-debugging-port" "43476" "--r ... /[::1]:43476/" "-foreground" "-no-remote" "-profile" "/var/folders/6n/zsb2y2w567sfpn3qnt4c4m3r0000gn/T/rust_mozprofileoYXlL7"
console.warn: services.settings: Ignoring preference override of remote settings server
console.warn: services.settings: Allow by setting MOZ_REMOTE_SETTINGS_DEVTOOLS=1 in the environment
1677966741291	Marionette	INFO	Marionette enabled
1677966741422	Marionette	INFO	Listening on port 51761
Read port: 51761
console.error: "Warning: unrecognized command line flag -remote-allow-hosts\n"
console.error: "Warning: unrecognized command line flag -remote-allow-origins\n"
WebDriver BiDi listening on ws://127.0.0.1:43476
1677966741538	RemoteAgent	WARN	TLS certificate errors will be ignored for this session
console.warn: SearchSettings: "get: No settings file exists, new profile?" (new NotFoundError("Could not open the file at /var/folders/6n/zsb2y2w567sfpn3qnt4c4m3r0000gn/T/rust_mozprofileoYXlL7/search.json.mozlz4", (void 0)))
DevTools listening on ws://127.0.0.1:43476/devtools/browser/ef1e3427-d200-4739-8e75-efddf74d0f95
console.warn: LoginRecipes: "Falling back to a synchronous message for: https://accounts.google.com."
]]></system-err>
  </testcase>
  <testcase name="GmailErrorTest" classname="com.google.qa.testcases.GmailPageTest" time="0.656"/>
  <testcase name="HelpPageTitleTest" classname="com.google.qa.testcases.GmailPageTest" time="2.059"/>
  <testcase name="PhonesDisplayTest" classname="com.google.qa.testcases.StorePageTest" time="0.044"/>
  <testcase name="LaptopDisplayTest" classname="com.google.qa.testcases.StorePageTest" time="0.103"/>
  <testcase name="StorePageTitleTest" classname="com.google.qa.testcases.StorePageTest" time="0.003"/>
  <testcase name="HomePagetitleTest" classname="com.google.qa.testcases.HomePageTest" time="0.005"/>
  <testcase name="GooogleImageLogoTest" classname="com.google.qa.testcases.HomePageTest" time="0.022"/>
  <testcase name="SearchPageTest" classname="com.google.qa.testcases.HomePageTest" time="0.054"/>
  <testcase name="GmailPageTest" classname="com.google.qa.testcases.HomePageTest" time="1.212"/>
  <testcase name="VerifyStoreLinkTest" classname="com.google.qa.testcases.HomePageTest" time="1.773"/>
</testsuite>